build/app/intermediates/manifest_merge_blame_file/stagingRelease/processStagingReleaseMainManifest/manifest-merger-blame-staging-release-report.txt
1<?xml version="1.0" encoding="utf-8"?>
2<manifest xmlns:android="http://schemas.android.com/apk/res/android"
3    package="com.mgkaung.dms.staging"
4    android:versionCode="4"
5    android:versionName="1.0.0-staging" >
6
7    <uses-sdk
8        android:minSdkVersion="24"
9        android:targetSdkVersion="35" />
10
11    <uses-permission android:name="android.permission.INTERNET" />
11-->src\main\AndroidManifest.xml:2:1-62
11-->src\main\AndroidManifest.xml:2:18-60
12    <uses-permission android:name="android.permission.VIBRATE" />
12-->src\main\AndroidManifest.xml:3:1-61
12-->src\main\AndroidManifest.xml:3:18-59
13    <uses-permission android:name="android.permission.BLUETOOTH" />
13-->src\main\AndroidManifest.xml:4:1-64
13-->src\main\AndroidManifest.xml:4:18-61
14    <uses-permission android:name="android.permission.BLUETOOTH_ADMIN" />
14-->src\main\AndroidManifest.xml:5:1-70
14-->src\main\AndroidManifest.xml:5:18-67
15
16    <!-- Needed for Android 12+ scanning -->
17    <uses-permission
17-->src\main\AndroidManifest.xml:8:1-116
18        android:name="android.permission.BLUETOOTH_SCAN"
18-->src\main\AndroidManifest.xml:8:18-66
19        android:usesPermissionFlags="neverForLocation" />
19-->src\main\AndroidManifest.xml:8:67-113
20    <uses-permission android:name="android.permission.BLUETOOTH_CONNECT" />
20-->src\main\AndroidManifest.xml:9:1-72
20-->src\main\AndroidManifest.xml:9:18-69
21
22    <!-- Optional: Discovering unpaired devices -->
23    <uses-permission android:name="android.permission.BLUETOOTH_ADVERTISE" />
23-->src\main\AndroidManifest.xml:12:1-74
23-->src\main\AndroidManifest.xml:12:18-71
24
25    <!-- Location permission still required for scanning on older devices -->
26    <uses-permission android:name="android.permission.ACCESS_FINE_LOCATION" />
26-->src\main\AndroidManifest.xml:15:1-75
26-->src\main\AndroidManifest.xml:15:18-72
27
28    <!-- Optional: for BLE printers -->
29    <uses-permission android:name="android.permission.ACCESS_COARSE_LOCATION" />
29-->src\main\AndroidManifest.xml:18:1-77
29-->src\main\AndroidManifest.xml:18:18-74
30
31    <application
32        android:name="android.app.Application"
32-->src\main\AndroidManifest.xml:21:9-42
33        android:extractNativeLibs="false"
34        android:icon="@mipmap/ic_launcher"
34-->src\main\AndroidManifest.xml:22:9-43
35        android:label="[STAG] Mg Kaung" >
35-->src\main\AndroidManifest.xml:20:9-44
36        <activity
36-->src\main\AndroidManifest.xml:23:9-43:20
37            android:name="com.mgkaung_dms.MainActivity"
37-->src\main\AndroidManifest.xml:24:13-41
38            android:configChanges="orientation|keyboardHidden|keyboard|screenSize|smallestScreenSize|locale|layoutDirection|fontScale|screenLayout|density|uiMode"
38-->src\main\AndroidManifest.xml:28:13-163
39            android:exported="true"
39-->src\main\AndroidManifest.xml:25:13-36
40            android:hardwareAccelerated="true"
40-->src\main\AndroidManifest.xml:29:13-47
41            android:launchMode="singleTop"
41-->src\main\AndroidManifest.xml:26:13-43
42            android:theme="@style/LaunchTheme"
42-->src\main\AndroidManifest.xml:27:13-47
43            android:windowSoftInputMode="adjustResize" >
43-->src\main\AndroidManifest.xml:30:13-55
44
45            <!--
46                 Specifies an Android theme to apply to this Activity as soon as
47                 the Android process has started. This theme is visible to the user
48                 while the Flutter UI initializes. After that, this theme continues
49                 to determine the Window background behind the Flutter UI.
50            -->
51            <meta-data
51-->src\main\AndroidManifest.xml:35:13-38:17
52                android:name="io.flutter.embedding.android.NormalTheme"
52-->src\main\AndroidManifest.xml:36:15-70
53                android:resource="@style/NormalTheme" />
53-->src\main\AndroidManifest.xml:37:15-52
54
55            <intent-filter>
55-->src\main\AndroidManifest.xml:39:13-42:29
56                <action android:name="android.intent.action.MAIN" />
56-->src\main\AndroidManifest.xml:40:17-68
56-->src\main\AndroidManifest.xml:40:25-66
57
58                <category android:name="android.intent.category.LAUNCHER" />
58-->src\main\AndroidManifest.xml:41:17-76
58-->src\main\AndroidManifest.xml:41:27-74
59            </intent-filter>
60        </activity>
61        <!--
62             Don't delete the meta-data below.
63             This is used by the Flutter tool to generate GeneratedPluginRegistrant.java
64        -->
65        <meta-data
65-->src\main\AndroidManifest.xml:46:9-48:33
66            android:name="flutterEmbedding"
66-->src\main\AndroidManifest.xml:47:13-44
67            android:value="2" />
67-->src\main\AndroidManifest.xml:48:13-30
68    </application>
69
70</manifest>